<!DOCTYPE html PUBLIC "-//W3C//DTD XHTML 1.1//EN" "https://www.w3.org/TR/xhtml11/DTD/xhtml11.dtd">
<html xmlns="https://www.w3.org/1999/xhtml">
<head>
<meta http-equiv="content-type" content="text/html; charset=UTF-8"/>
<title>TestNG Report</title>
<style type="text/css">table {margin-bottom:10px;border-collapse:collapse;empty-cells:show}th,td {border:1px solid #009;padding:.25em .5em}th {vertical-align:bottom}td {vertical-align:top}table a {font-weight:bold}.stripe td {background-color: #E6EBF9}.num {text-align:right}.passedodd td {background-color: #3F3}.passedeven td {background-color: #0A0}.skippedodd td {background-color: #DDD}.skippedeven td {background-color: #CCC}.failedodd td,.attn {background-color: #F33}.failedeven td,.stripe .attn {background-color: #D00}.stacktrace {white-space:pre;font-family:monospace}.totop {font-size:85%;text-align:center;border-bottom:2px solid #000}.invisible {display:none}</style>
</head>
<body>
<table>
<tr><th>Test</th><th># Passed</th><th># Skipped</th><th># Retried</th><th># Failed</th><th>Time (ms)</th><th>Included Groups</th><th>Excluded Groups</th></tr>
<tr><th colspan="8">Suite</th></tr>
<tr><td><a href="#t0">Test</a></td><td class="num">0</td><td class="num">0</td><td class="num">0</td><td class="num attn">66</td><td class="num">6,108</td><td></td><td></td></tr>
</table>
<table id='summary'><thead><tr><th>Class</th><th>Method</th><th>Start</th><th>Time (ms)</th></tr></thead><tbody><tr><th colspan="4">Suite</th></tr></tbody><tbody id="t0"><tr><th colspan="4">Test &#8212; failed</th></tr><tr class="failedeven"><td rowspan="13">executing.BookHotelPageJunit</td><td><a href="#m0">BookHotelPageValidation</a></td><td rowspan="1">1733319159182</td><td rowspan="1">3</td></tr><tr class="failedeven"><td><a href="#m1">BookHotelPageValueField</a></td><td rowspan="1">1733319159186</td><td rowspan="1">0</td></tr><tr class="failedeven"><td><a href="#m2">BookNowButton</a></td><td rowspan="1">1733319159187</td><td rowspan="1">1</td></tr><tr class="failedeven"><td><a href="#m3">BrowserLaunch</a></td><td rowspan="1">1733319158323</td><td rowspan="1">779</td></tr><tr class="failedeven"><td><a href="#m4">ClickLoginButton</a></td><td rowspan="1">1733319159152</td><td rowspan="1">1</td></tr><tr class="failedeven"><td><a href="#m5">EnterValidLoginCrdentials</a></td><td rowspan="1">1733319159108</td><td rowspan="1">42</td></tr><tr class="failedeven"><td><a href="#m6">LoginPageValidation</a></td><td rowspan="1">1733319159105</td><td rowspan="1">2</td></tr><tr class="failedeven"><td><a href="#m7">SearchHotelPageValidation</a></td><td rowspan="1">1733319159156</td><td rowspan="1">2</td></tr><tr class="failedeven"><td><a href="#m8">SearchHotelSearchButton</a></td><td rowspan="1">1733319159167</td><td rowspan="1">1</td></tr><tr class="failedeven"><td><a href="#m9">SearchHotelValueField</a></td><td rowspan="1">1733319159164</td><td rowspan="1">1</td></tr><tr class="failedeven"><td><a href="#m10">SelectHotel</a></td><td rowspan="1">1733319159174</td><td rowspan="1">1</td></tr><tr class="failedeven"><td><a href="#m11">SelectHotelValidation</a></td><td rowspan="1">1733319159171</td><td rowspan="1">1</td></tr><tr class="failedeven"><td><a href="#m12">SlectHotelContinueButton</a></td><td rowspan="1">1733319159177</td><td rowspan="1">4</td></tr><tr class="failedodd"><td rowspan="20">executing.BookedLtineraryPageJunit</td><td><a href="#m13">BookHotelPageValidation</a></td><td rowspan="1">1733319160955</td><td rowspan="1">1</td></tr><tr class="failedodd"><td><a href="#m14">BookHotelPageValueField</a></td><td rowspan="1">1733319160958</td><td rowspan="1">1</td></tr><tr class="failedodd"><td><a href="#m15">BookNowButton</a></td><td rowspan="1">1733319160960</td><td rowspan="1">1</td></tr><tr class="failedodd"><td><a href="#m16">BookedLtineraryClick</a></td><td rowspan="1">1733319160991</td><td rowspan="1">5</td></tr><tr class="failedodd"><td><a href="#m17">BookedLtineraryPageCheckBox</a></td><td rowspan="1">1733319160981</td><td rowspan="1">2</td></tr><tr class="failedodd"><td><a href="#m18">BookedLtineraryPageValidation</a></td><td rowspan="1">1733319160969</td><td rowspan="1">4</td></tr><tr class="failedodd"><td><a href="#m19">BookingConfirmationClick</a></td><td rowspan="1">1733319160966</td><td rowspan="1">1</td></tr><tr class="failedodd"><td><a href="#m20">BookingConfirmationPage</a></td><td rowspan="1">1733319160962</td><td rowspan="1">1</td></tr><tr class="failedodd"><td><a href="#m21">BookingConfirmationPageScroll</a></td><td rowspan="1">1733319160964</td><td rowspan="1">1</td></tr><tr class="failedodd"><td><a href="#m22">BrowserLaunch</a></td><td rowspan="1">1733319160117</td><td rowspan="1">792</td></tr><tr class="failedodd"><td><a href="#m23">ClickLoginButton</a></td><td rowspan="1">1733319160938</td><td rowspan="1">1</td></tr><tr class="failedodd"><td><a href="#m24">EnterValidLoginCrdentials</a></td><td rowspan="1">1733319160914</td><td rowspan="1">23</td></tr><tr class="failedodd"><td><a href="#m25">LoginAgainClick</a></td><td rowspan="1">1733319160997</td><td rowspan="1">2</td></tr><tr class="failedodd"><td><a href="#m26">LoginPageValidation</a></td><td rowspan="1">1733319160912</td><td rowspan="1">1</td></tr><tr class="failedodd"><td><a href="#m27">SearchHotelPageValidation</a></td><td rowspan="1">1733319160940</td><td rowspan="1">1</td></tr><tr class="failedodd"><td><a href="#m28">SearchHotelSearchButton</a></td><td rowspan="1">1733319160947</td><td rowspan="1">1</td></tr><tr class="failedodd"><td><a href="#m29">SearchHotelValueField</a></td><td rowspan="1">1733319160944</td><td rowspan="1">2</td></tr><tr class="failedodd"><td><a href="#m30">SelectHotel</a></td><td rowspan="1">1733319160952</td><td rowspan="1">1</td></tr><tr class="failedodd"><td><a href="#m31">SelectHotelValidation</a></td><td rowspan="1">1733319160949</td><td rowspan="1">2</td></tr><tr class="failedodd"><td><a href="#m32">SlectHotelContinueButton</a></td><td rowspan="1">1733319160954</td><td rowspan="1">0</td></tr><tr class="failedeven"><td rowspan="16">executing.BookingConfirmationPageJunit</td><td><a href="#m33">BookHotelPageValidation</a></td><td rowspan="1">1733319160084</td><td rowspan="1">1</td></tr><tr class="failedeven"><td><a href="#m34">BookHotelPageValueField</a></td><td rowspan="1">1733319160089</td><td rowspan="1">1</td></tr><tr class="failedeven"><td><a href="#m35">BookNowButton</a></td><td rowspan="1">1733319160098</td><td rowspan="1">3</td></tr><tr class="failedeven"><td><a href="#m36">BookingConfirmationClick</a></td><td rowspan="1">1733319160114</td><td rowspan="1">2</td></tr><tr class="failedeven"><td><a href="#m37">BookingConfirmationPage</a></td><td rowspan="1">1733319160103</td><td rowspan="1">3</td></tr><tr class="failedeven"><td><a href="#m38">BookingConfirmationPageScroll</a></td><td rowspan="1">1733319160110</td><td rowspan="1">1</td></tr><tr class="failedeven"><td><a href="#m39">BrowserLaunch</a></td><td rowspan="1">1733319159190</td><td rowspan="1">818</td></tr><tr class="failedeven"><td><a href="#m40">ClickLoginButton</a></td><td rowspan="1">1733319160056</td><td rowspan="1">6</td></tr><tr class="failedeven"><td><a href="#m41">EnterValidLoginCrdentials</a></td><td rowspan="1">1733319160018</td><td rowspan="1">36</td></tr><tr class="failedeven"><td><a href="#m42">LoginPageValidation</a></td><td rowspan="1">1733319160013</td><td rowspan="1">4</td></tr><tr class="failedeven"><td><a href="#m43">SearchHotelPageValidation</a></td><td rowspan="1">1733319160066</td><td rowspan="1">1</td></tr><tr class="failedeven"><td><a href="#m44">SearchHotelSearchButton</a></td><td rowspan="1">1733319160071</td><td rowspan="1">1</td></tr><tr class="failedeven"><td><a href="#m45">SearchHotelValueField</a></td><td rowspan="1">1733319160069</td><td rowspan="1">1</td></tr><tr class="failedeven"><td><a href="#m46">SelectHotel</a></td><td rowspan="1">1733319160075</td><td rowspan="1">3</td></tr><tr class="failedeven"><td><a href="#m47">SelectHotelValidation</a></td><td rowspan="1">1733319160073</td><td rowspan="1">1</td></tr><tr class="failedeven"><td><a href="#m48">SlectHotelContinueButton</a></td><td rowspan="1">1733319160080</td><td rowspan="1">3</td></tr><tr class="failedodd"><td rowspan="7">executing.SearchHotelJunit</td><td><a href="#m49">BrowserLaunch</a></td><td rowspan="1">1733319154940</td><td rowspan="1">1660</td></tr><tr class="failedodd"><td><a href="#m50">ClickLoginButton</a></td><td rowspan="1">1733319157174</td><td rowspan="1">3</td></tr><tr class="failedodd"><td><a href="#m51">EnterValidLoginCrdentials</a></td><td rowspan="1">1733319156648</td><td rowspan="1">522</td></tr><tr class="failedodd"><td><a href="#m52">LoginPageValidation</a></td><td rowspan="1">1733319156610</td><td rowspan="1">34</td></tr><tr class="failedodd"><td><a href="#m53">SearchHotelPageValidation</a></td><td rowspan="1">1733319157182</td><td rowspan="1">4</td></tr><tr class="failedodd"><td><a href="#m54">SearchHotelSearchButton</a></td><td rowspan="1">1733319157198</td><td rowspan="1">1</td></tr><tr class="failedodd"><td><a href="#m55">SearchHotelValueField</a></td><td rowspan="1">1733319157189</td><td rowspan="1">5</td></tr><tr class="failedeven"><td rowspan="10">executing.SelectHotelJunit</td><td><a href="#m56">BrowserLaunch</a></td><td rowspan="1">1733319157202</td><td rowspan="1">1026</td></tr><tr class="failedeven"><td><a href="#m57">ClickLoginButton</a></td><td rowspan="1">1733319158277</td><td rowspan="1">6</td></tr><tr class="failedeven"><td><a href="#m58">EnterValidLoginCrdentials</a></td><td rowspan="1">1733319158241</td><td rowspan="1">35</td></tr><tr class="failedeven"><td><a href="#m59">LoginPageValidation</a></td><td rowspan="1">1733319158234</td><td rowspan="1">2</td></tr><tr class="failedeven"><td><a href="#m60">SearchHotelPageValidation</a></td><td rowspan="1">1733319158286</td><td rowspan="1">2</td></tr><tr class="failedeven"><td><a href="#m61">SearchHotelSearchButton</a></td><td rowspan="1">1733319158293</td><td rowspan="1">1</td></tr><tr class="failedeven"><td><a href="#m62">SearchHotelValueField</a></td><td rowspan="1">1733319158290</td><td rowspan="1">1</td></tr><tr class="failedeven"><td><a href="#m63">SelectHotel</a></td><td rowspan="1">1733319158307</td><td rowspan="1">4</td></tr><tr class="failedeven"><td><a href="#m64">SelectHotelValidation</a></td><td rowspan="1">1733319158299</td><td rowspan="1">6</td></tr><tr class="failedeven"><td><a href="#m65">SlectHotelContinueButton</a></td><td rowspan="1">1733319158319</td><td rowspan="1">1</td></tr></tbody>
</table>
<h2>Test</h2><h3 id="m0">executing.BookHotelPageJunit#BookHotelPageValidation</h3><table class="result"><tr><th>Exception</th></tr><tr><td><div class="stacktrace">java.lang.NullPointerException: Cannot invoke &quot;org.openqa.selenium.SearchContext.findElement(org.openqa.selenium.By)&quot; because &quot;this.searchContext&quot; is null
	at org.openqa.selenium.support.pagefactory.DefaultElementLocator.findElement(DefaultElementLocator.java:68)
	at org.openqa.selenium.support.pagefactory.internal.LocatingElementHandler.invoke(LocatingElementHandler.java:38)
	at jdk.proxy2/jdk.proxy2.$Proxy13.isDisplayed(Unknown Source)
	at executing.BookHotelPageJunit.BookHotelPageValidation(BookHotelPageJunit.java:207)
	at java.base/java.util.ArrayList.forEach(ArrayList.java:1596)
... Removed 25 stack frames</div></td></tr></table><p class="totop"><a href="#summary">back to summary</a></p>
<h3 id="m1">executing.BookHotelPageJunit#BookHotelPageValueField</h3><table class="result"><tr><th>Exception</th></tr><tr><td><div class="stacktrace">java.lang.NullPointerException: Cannot invoke &quot;org.openqa.selenium.JavascriptExecutor.executeScript(String, Object[])&quot; because &quot;org.global.BaseClass2.javascriptExecutor&quot; is null
	at org.global.BaseClass2.sendKeysByJS(BaseClass2.java:58)
	at executing.BookHotelPageJunit.BookHotelPageValueField(BookHotelPageJunit.java:224)
	at java.base/java.util.ArrayList.forEach(ArrayList.java:1596)
... Removed 25 stack frames</div></td></tr></table><p class="totop"><a href="#summary">back to summary</a></p>
<h3 id="m2">executing.BookHotelPageJunit#BookNowButton</h3><table class="result"><tr><th>Exception</th></tr><tr><td><div class="stacktrace">java.lang.NullPointerException: Cannot invoke &quot;org.openqa.selenium.JavascriptExecutor.executeScript(String, Object[])&quot; because &quot;org.global.BaseClass2.javascriptExecutor&quot; is null
	at org.global.BaseClass2.clickByJS(BaseClass2.java:79)
	at executing.BookHotelPageJunit.BookNowButton(BookHotelPageJunit.java:255)
	at java.base/java.util.ArrayList.forEach(ArrayList.java:1596)
... Removed 25 stack frames</div></td></tr></table><p class="totop"><a href="#summary">back to summary</a></p>
<h3 id="m3">executing.BookHotelPageJunit#BrowserLaunch</h3><table class="result"><tr><th>Exception</th></tr><tr><td><div class="stacktrace">org.openqa.selenium.SessionNotCreatedException: Could not start a new session. Response code 500. Message: session not created: This version of ChromeDriver only supports Chrome version 129
Current browser version is 131.0.6778.109 with binary path C:\Program Files\Google\Chrome\Application\chrome.exe 
Host info: host: &apos;ELAVARASANSJ&apos;, ip: &apos;192.168.1.20&apos;
Build info: version: &apos;4.10.0&apos;, revision: &apos;c14d967899&apos;
System info: os.name: &apos;Windows 11&apos;, os.arch: &apos;amd64&apos;, os.version: &apos;10.0&apos;, java.version: &apos;21.0.1&apos;
Driver info: org.openqa.selenium.chrome.ChromeDriver
Command: [null, newSession {capabilities=[Capabilities {browserName: chrome, goog:chromeOptions: {args: [--remote-allow-origins=*], extensions: []}}]}]
	at org.openqa.selenium.remote.ProtocolHandshake.createSession(ProtocolHandshake.java:140)
	at org.openqa.selenium.remote.ProtocolHandshake.createSession(ProtocolHandshake.java:96)
	at org.openqa.selenium.remote.ProtocolHandshake.createSession(ProtocolHandshake.java:68)
	at org.openqa.selenium.remote.HttpCommandExecutor.execute(HttpCommandExecutor.java:163)
	at org.openqa.selenium.remote.service.DriverCommandExecutor.invokeExecute(DriverCommandExecutor.java:196)
	at org.openqa.selenium.remote.service.DriverCommandExecutor.execute(DriverCommandExecutor.java:171)
	at org.openqa.selenium.remote.RemoteWebDriver.execute(RemoteWebDriver.java:531)
	at org.openqa.selenium.remote.RemoteWebDriver.startSession(RemoteWebDriver.java:227)
	at org.openqa.selenium.remote.RemoteWebDriver.&lt;init&gt;(RemoteWebDriver.java:154)
	at org.openqa.selenium.chromium.ChromiumDriver.&lt;init&gt;(ChromiumDriver.java:107)
	at org.openqa.selenium.chrome.ChromeDriver.&lt;init&gt;(ChromeDriver.java:87)
	at org.openqa.selenium.chrome.ChromeDriver.&lt;init&gt;(ChromeDriver.java:82)
	at org.openqa.selenium.chrome.ChromeDriver.&lt;init&gt;(ChromeDriver.java:50)
	at org.global.BaseClass2.getDriver(BaseClass2.java:43)
	at executing.BookHotelPageJunit.BrowserLaunch(BookHotelPageJunit.java:36)
	at java.base/java.util.ArrayList.forEach(ArrayList.java:1596)
... Removed 25 stack frames</div></td></tr></table><p class="totop"><a href="#summary">back to summary</a></p>
<h3 id="m4">executing.BookHotelPageJunit#ClickLoginButton</h3><table class="result"><tr><th>Exception</th></tr><tr><td><div class="stacktrace">java.lang.NullPointerException: Cannot invoke &quot;org.openqa.selenium.SearchContext.findElement(org.openqa.selenium.By)&quot; because &quot;this.searchContext&quot; is null
	at org.openqa.selenium.support.pagefactory.DefaultElementLocator.findElement(DefaultElementLocator.java:68)
	at org.openqa.selenium.support.pagefactory.internal.LocatingElementHandler.invoke(LocatingElementHandler.java:38)
	at jdk.proxy2/jdk.proxy2.$Proxy13.isDisplayed(Unknown Source)
	at executing.BookHotelPageJunit.ClickLoginButton(BookHotelPageJunit.java:85)
	at java.base/java.util.ArrayList.forEach(ArrayList.java:1596)
... Removed 25 stack frames</div></td></tr></table><p class="totop"><a href="#summary">back to summary</a></p>
<h3 id="m5">executing.BookHotelPageJunit#EnterValidLoginCrdentials</h3><table class="result"><tr><th>Exception</th></tr><tr><td><div class="stacktrace">java.lang.NullPointerException: Cannot invoke &quot;org.openqa.selenium.JavascriptExecutor.executeScript(String, Object[])&quot; because &quot;org.global.BaseClass2.javascriptExecutor&quot; is null
	at org.global.BaseClass2.sendKeysByJS(BaseClass2.java:58)
	at executing.BookHotelPageJunit.EnterValidLoginCrdentials(BookHotelPageJunit.java:67)
	at java.base/java.util.ArrayList.forEach(ArrayList.java:1596)
... Removed 25 stack frames</div></td></tr></table><p class="totop"><a href="#summary">back to summary</a></p>
<h3 id="m6">executing.BookHotelPageJunit#LoginPageValidation</h3><table class="result"><tr><th>Exception</th></tr><tr><td><div class="stacktrace">java.lang.NullPointerException: Cannot invoke &quot;org.openqa.selenium.SearchContext.findElement(org.openqa.selenium.By)&quot; because &quot;this.searchContext&quot; is null
	at org.openqa.selenium.support.pagefactory.DefaultElementLocator.findElement(DefaultElementLocator.java:68)
	at org.openqa.selenium.support.pagefactory.internal.LocatingElementHandler.invoke(LocatingElementHandler.java:38)
	at jdk.proxy2/jdk.proxy2.$Proxy13.isDisplayed(Unknown Source)
	at executing.BookHotelPageJunit.LoginPageValidation(BookHotelPageJunit.java:50)
	at java.base/java.util.ArrayList.forEach(ArrayList.java:1596)
... Removed 25 stack frames</div></td></tr></table><p class="totop"><a href="#summary">back to summary</a></p>
<h3 id="m7">executing.BookHotelPageJunit#SearchHotelPageValidation</h3><table class="result"><tr><th>Exception</th></tr><tr><td><div class="stacktrace">java.lang.NullPointerException: Cannot invoke &quot;org.openqa.selenium.SearchContext.findElement(org.openqa.selenium.By)&quot; because &quot;this.searchContext&quot; is null
	at org.openqa.selenium.support.pagefactory.DefaultElementLocator.findElement(DefaultElementLocator.java:68)
	at org.openqa.selenium.support.pagefactory.internal.LocatingElementHandler.invoke(LocatingElementHandler.java:38)
	at jdk.proxy2/jdk.proxy2.$Proxy13.isDisplayed(Unknown Source)
	at executing.BookHotelPageJunit.SearchHotelPageValidation(BookHotelPageJunit.java:105)
	at java.base/java.util.ArrayList.forEach(ArrayList.java:1596)
... Removed 25 stack frames</div></td></tr></table><p class="totop"><a href="#summary">back to summary</a></p>
<h3 id="m8">executing.BookHotelPageJunit#SearchHotelSearchButton</h3><table class="result"><tr><th>Exception</th></tr><tr><td><div class="stacktrace">java.lang.NullPointerException: Cannot invoke &quot;org.openqa.selenium.JavascriptExecutor.executeScript(String, Object[])&quot; because &quot;org.global.BaseClass2.javascriptExecutor&quot; is null
	at org.global.BaseClass2.clickByJS(BaseClass2.java:79)
	at executing.BookHotelPageJunit.SearchHotelSearchButton(BookHotelPageJunit.java:156)
	at java.base/java.util.ArrayList.forEach(ArrayList.java:1596)
... Removed 25 stack frames</div></td></tr></table><p class="totop"><a href="#summary">back to summary</a></p>
<h3 id="m9">executing.BookHotelPageJunit#SearchHotelValueField</h3><table class="result"><tr><th>Exception</th></tr><tr><td><div class="stacktrace">java.lang.NullPointerException: Cannot invoke &quot;org.openqa.selenium.SearchContext.findElement(org.openqa.selenium.By)&quot; because &quot;this.searchContext&quot; is null
	at org.openqa.selenium.support.pagefactory.DefaultElementLocator.findElement(DefaultElementLocator.java:68)
	at org.openqa.selenium.support.pagefactory.internal.LocatingElementHandler.invoke(LocatingElementHandler.java:38)
	at jdk.proxy2/jdk.proxy2.$Proxy13.getTagName(Unknown Source)
	at org.openqa.selenium.support.ui.Select.&lt;init&gt;(Select.java:43)
	at org.global.BaseClass2.selectByIndex(BaseClass2.java:100)
	at executing.BookHotelPageJunit.SearchHotelValueField(BookHotelPageJunit.java:121)
	at java.base/java.util.ArrayList.forEach(ArrayList.java:1596)
... Removed 25 stack frames</div></td></tr></table><p class="totop"><a href="#summary">back to summary</a></p>
<h3 id="m10">executing.BookHotelPageJunit#SelectHotel</h3><table class="result"><tr><th>Exception</th></tr><tr><td><div class="stacktrace">java.lang.IllegalArgumentException: Driver must be set
	at org.openqa.selenium.internal.Require.nonNull(Require.java:60)
	at org.openqa.selenium.interactions.Actions.&lt;init&gt;(Actions.java:59)
	at org.global.BaseClass2.clickByActions(BaseClass2.java:107)
	at executing.BookHotelPageJunit.SelectHotel(BookHotelPageJunit.java:183)
	at java.base/java.util.ArrayList.forEach(ArrayList.java:1596)
... Removed 25 stack frames</div></td></tr></table><p class="totop"><a href="#summary">back to summary</a></p>
<h3 id="m11">executing.BookHotelPageJunit#SelectHotelValidation</h3><table class="result"><tr><th>Exception</th></tr><tr><td><div class="stacktrace">java.lang.NullPointerException: Cannot invoke &quot;org.openqa.selenium.SearchContext.findElement(org.openqa.selenium.By)&quot; because &quot;this.searchContext&quot; is null
	at org.openqa.selenium.support.pagefactory.DefaultElementLocator.findElement(DefaultElementLocator.java:68)
	at org.openqa.selenium.support.pagefactory.internal.LocatingElementHandler.invoke(LocatingElementHandler.java:38)
	at jdk.proxy2/jdk.proxy2.$Proxy13.isDisplayed(Unknown Source)
	at executing.BookHotelPageJunit.SelectHotelValidation(BookHotelPageJunit.java:168)
	at java.base/java.util.ArrayList.forEach(ArrayList.java:1596)
... Removed 25 stack frames</div></td></tr></table><p class="totop"><a href="#summary">back to summary</a></p>
<h3 id="m12">executing.BookHotelPageJunit#SlectHotelContinueButton</h3><table class="result"><tr><th>Exception</th></tr><tr><td><div class="stacktrace">java.lang.NullPointerException: Cannot invoke &quot;org.openqa.selenium.JavascriptExecutor.executeScript(String, Object[])&quot; because &quot;org.global.BaseClass2.javascriptExecutor&quot; is null
	at org.global.BaseClass2.clickByJS(BaseClass2.java:79)
	at executing.BookHotelPageJunit.SlectHotelContinueButton(BookHotelPageJunit.java:194)
	at java.base/java.util.ArrayList.forEach(ArrayList.java:1596)
... Removed 25 stack frames</div></td></tr></table><p class="totop"><a href="#summary">back to summary</a></p>
<h3 id="m13">executing.BookedLtineraryPageJunit#BookHotelPageValidation</h3><table class="result"><tr><th>Exception</th></tr><tr><td><div class="stacktrace">java.lang.NullPointerException: Cannot invoke &quot;org.openqa.selenium.SearchContext.findElement(org.openqa.selenium.By)&quot; because &quot;this.searchContext&quot; is null
	at org.openqa.selenium.support.pagefactory.DefaultElementLocator.findElement(DefaultElementLocator.java:68)
	at org.openqa.selenium.support.pagefactory.internal.LocatingElementHandler.invoke(LocatingElementHandler.java:38)
	at jdk.proxy2/jdk.proxy2.$Proxy13.isDisplayed(Unknown Source)
	at executing.BookedLtineraryPageJunit.BookHotelPageValidation(BookedLtineraryPageJunit.java:207)
	at java.base/java.util.ArrayList.forEach(ArrayList.java:1596)
... Removed 25 stack frames</div></td></tr></table><p class="totop"><a href="#summary">back to summary</a></p>
<h3 id="m14">executing.BookedLtineraryPageJunit#BookHotelPageValueField</h3><table class="result"><tr><th>Exception</th></tr><tr><td><div class="stacktrace">java.lang.NullPointerException: Cannot invoke &quot;org.openqa.selenium.JavascriptExecutor.executeScript(String, Object[])&quot; because &quot;org.global.BaseClass2.javascriptExecutor&quot; is null
	at org.global.BaseClass2.sendKeysByJS(BaseClass2.java:58)
	at executing.BookedLtineraryPageJunit.BookHotelPageValueField(BookedLtineraryPageJunit.java:224)
	at java.base/java.util.ArrayList.forEach(ArrayList.java:1596)
... Removed 25 stack frames</div></td></tr></table><p class="totop"><a href="#summary">back to summary</a></p>
<h3 id="m15">executing.BookedLtineraryPageJunit#BookNowButton</h3><table class="result"><tr><th>Exception</th></tr><tr><td><div class="stacktrace">java.lang.NullPointerException: Cannot invoke &quot;org.openqa.selenium.JavascriptExecutor.executeScript(String, Object[])&quot; because &quot;org.global.BaseClass2.javascriptExecutor&quot; is null
	at org.global.BaseClass2.clickByJS(BaseClass2.java:79)
	at executing.BookedLtineraryPageJunit.BookNowButton(BookedLtineraryPageJunit.java:255)
	at java.base/java.util.ArrayList.forEach(ArrayList.java:1596)
... Removed 25 stack frames</div></td></tr></table><p class="totop"><a href="#summary">back to summary</a></p>
<h3 id="m16">executing.BookedLtineraryPageJunit#BookedLtineraryClick</h3><table class="result"><tr><th>Exception</th></tr><tr><td><div class="stacktrace">java.lang.NullPointerException: Cannot invoke &quot;org.openqa.selenium.JavascriptExecutor.executeScript(String, Object[])&quot; because &quot;org.global.BaseClass2.javascriptExecutor&quot; is null
	at org.global.BaseClass2.clickByJS(BaseClass2.java:79)
	at executing.BookedLtineraryPageJunit.BookedLtineraryClick(BookedLtineraryPageJunit.java:335)
	at java.base/java.util.ArrayList.forEach(ArrayList.java:1596)
... Removed 25 stack frames</div></td></tr></table><p class="totop"><a href="#summary">back to summary</a></p>
<h3 id="m17">executing.BookedLtineraryPageJunit#BookedLtineraryPageCheckBox</h3><table class="result"><tr><th>Exception</th></tr><tr><td><div class="stacktrace">java.lang.NullPointerException: Cannot invoke &quot;org.openqa.selenium.JavascriptExecutor.executeScript(String, Object[])&quot; because &quot;org.global.BaseClass2.javascriptExecutor&quot; is null
	at org.global.BaseClass2.clickByJS(BaseClass2.java:79)
	at executing.BookedLtineraryPageJunit.BookedLtineraryPageCheckBox(BookedLtineraryPageJunit.java:318)
	at java.base/java.util.ArrayList.forEach(ArrayList.java:1596)
... Removed 25 stack frames</div></td></tr></table><p class="totop"><a href="#summary">back to summary</a></p>
<h3 id="m18">executing.BookedLtineraryPageJunit#BookedLtineraryPageValidation</h3><table class="result"><tr><th>Exception</th></tr><tr><td><div class="stacktrace">java.lang.NullPointerException: Cannot invoke &quot;org.openqa.selenium.SearchContext.findElement(org.openqa.selenium.By)&quot; because &quot;this.searchContext&quot; is null
	at org.openqa.selenium.support.pagefactory.DefaultElementLocator.findElement(DefaultElementLocator.java:68)
	at org.openqa.selenium.support.pagefactory.internal.LocatingElementHandler.invoke(LocatingElementHandler.java:38)
	at jdk.proxy2/jdk.proxy2.$Proxy13.isDisplayed(Unknown Source)
	at executing.BookedLtineraryPageJunit.BookedLtineraryPageValidation(BookedLtineraryPageJunit.java:304)
	at java.base/java.util.ArrayList.forEach(ArrayList.java:1596)
... Removed 25 stack frames</div></td></tr></table><p class="totop"><a href="#summary">back to summary</a></p>
<h3 id="m19">executing.BookedLtineraryPageJunit#BookingConfirmationClick</h3><table class="result"><tr><th>Exception</th></tr><tr><td><div class="stacktrace">java.lang.NullPointerException: Cannot invoke &quot;org.openqa.selenium.JavascriptExecutor.executeScript(String, Object[])&quot; because &quot;org.global.BaseClass2.javascriptExecutor&quot; is null
	at org.global.BaseClass2.clickByJS(BaseClass2.java:79)
	at executing.BookedLtineraryPageJunit.BookingConfirmationClick(BookedLtineraryPageJunit.java:294)
	at java.base/java.util.ArrayList.forEach(ArrayList.java:1596)
... Removed 25 stack frames</div></td></tr></table><p class="totop"><a href="#summary">back to summary</a></p>
<h3 id="m20">executing.BookedLtineraryPageJunit#BookingConfirmationPage</h3><table class="result"><tr><th>Exception</th></tr><tr><td><div class="stacktrace">java.lang.NullPointerException: Cannot invoke &quot;org.openqa.selenium.SearchContext.findElement(org.openqa.selenium.By)&quot; because &quot;this.searchContext&quot; is null
	at org.openqa.selenium.support.pagefactory.DefaultElementLocator.findElement(DefaultElementLocator.java:68)
	at org.openqa.selenium.support.pagefactory.internal.LocatingElementHandler.invoke(LocatingElementHandler.java:38)
	at jdk.proxy2/jdk.proxy2.$Proxy13.isDisplayed(Unknown Source)
	at executing.BookedLtineraryPageJunit.BookingConfirmationPage(BookedLtineraryPageJunit.java:269)
	at java.base/java.util.ArrayList.forEach(ArrayList.java:1596)
... Removed 25 stack frames</div></td></tr></table><p class="totop"><a href="#summary">back to summary</a></p>
<h3 id="m21">executing.BookedLtineraryPageJunit#BookingConfirmationPageScroll</h3><table class="result"><tr><th>Exception</th></tr><tr><td><div class="stacktrace">java.lang.NullPointerException: Cannot invoke &quot;org.openqa.selenium.JavascriptExecutor.executeScript(String, Object[])&quot; because &quot;org.global.BaseClass2.javascriptExecutor&quot; is null
	at org.global.BaseClass2.scrollDownByJS(BaseClass2.java:114)
	at executing.BookedLtineraryPageJunit.BookingConfirmationPageScroll(BookedLtineraryPageJunit.java:284)
	at java.base/java.util.ArrayList.forEach(ArrayList.java:1596)
... Removed 25 stack frames</div></td></tr></table><p class="totop"><a href="#summary">back to summary</a></p>
<h3 id="m22">executing.BookedLtineraryPageJunit#BrowserLaunch</h3><table class="result"><tr><th>Exception</th></tr><tr><td><div class="stacktrace">org.openqa.selenium.SessionNotCreatedException: Could not start a new session. Response code 500. Message: session not created: This version of ChromeDriver only supports Chrome version 129
Current browser version is 131.0.6778.109 with binary path C:\Program Files\Google\Chrome\Application\chrome.exe 
Host info: host: &apos;ELAVARASANSJ&apos;, ip: &apos;192.168.1.20&apos;
Build info: version: &apos;4.10.0&apos;, revision: &apos;c14d967899&apos;
System info: os.name: &apos;Windows 11&apos;, os.arch: &apos;amd64&apos;, os.version: &apos;10.0&apos;, java.version: &apos;21.0.1&apos;
Driver info: org.openqa.selenium.chrome.ChromeDriver
Command: [null, newSession {capabilities=[Capabilities {browserName: chrome, goog:chromeOptions: {args: [--remote-allow-origins=*], extensions: []}}]}]
	at org.openqa.selenium.remote.ProtocolHandshake.createSession(ProtocolHandshake.java:140)
	at org.openqa.selenium.remote.ProtocolHandshake.createSession(ProtocolHandshake.java:96)
	at org.openqa.selenium.remote.ProtocolHandshake.createSession(ProtocolHandshake.java:68)
	at org.openqa.selenium.remote.HttpCommandExecutor.execute(HttpCommandExecutor.java:163)
	at org.openqa.selenium.remote.service.DriverCommandExecutor.invokeExecute(DriverCommandExecutor.java:196)
	at org.openqa.selenium.remote.service.DriverCommandExecutor.execute(DriverCommandExecutor.java:171)
	at org.openqa.selenium.remote.RemoteWebDriver.execute(RemoteWebDriver.java:531)
	at org.openqa.selenium.remote.RemoteWebDriver.startSession(RemoteWebDriver.java:227)
	at org.openqa.selenium.remote.RemoteWebDriver.&lt;init&gt;(RemoteWebDriver.java:154)
	at org.openqa.selenium.chromium.ChromiumDriver.&lt;init&gt;(ChromiumDriver.java:107)
	at org.openqa.selenium.chrome.ChromeDriver.&lt;init&gt;(ChromeDriver.java:87)
	at org.openqa.selenium.chrome.ChromeDriver.&lt;init&gt;(ChromeDriver.java:82)
	at org.openqa.selenium.chrome.ChromeDriver.&lt;init&gt;(ChromeDriver.java:50)
	at org.global.BaseClass2.getDriver(BaseClass2.java:43)
	at executing.BookedLtineraryPageJunit.BrowserLaunch(BookedLtineraryPageJunit.java:36)
	at java.base/java.util.ArrayList.forEach(ArrayList.java:1596)
... Removed 25 stack frames</div></td></tr></table><p class="totop"><a href="#summary">back to summary</a></p>
<h3 id="m23">executing.BookedLtineraryPageJunit#ClickLoginButton</h3><table class="result"><tr><th>Exception</th></tr><tr><td><div class="stacktrace">java.lang.NullPointerException: Cannot invoke &quot;org.openqa.selenium.SearchContext.findElement(org.openqa.selenium.By)&quot; because &quot;this.searchContext&quot; is null
	at org.openqa.selenium.support.pagefactory.DefaultElementLocator.findElement(DefaultElementLocator.java:68)
	at org.openqa.selenium.support.pagefactory.internal.LocatingElementHandler.invoke(LocatingElementHandler.java:38)
	at jdk.proxy2/jdk.proxy2.$Proxy13.isDisplayed(Unknown Source)
	at executing.BookedLtineraryPageJunit.ClickLoginButton(BookedLtineraryPageJunit.java:85)
	at java.base/java.util.ArrayList.forEach(ArrayList.java:1596)
... Removed 25 stack frames</div></td></tr></table><p class="totop"><a href="#summary">back to summary</a></p>
<h3 id="m24">executing.BookedLtineraryPageJunit#EnterValidLoginCrdentials</h3><table class="result"><tr><th>Exception</th></tr><tr><td><div class="stacktrace">java.lang.NullPointerException: Cannot invoke &quot;org.openqa.selenium.JavascriptExecutor.executeScript(String, Object[])&quot; because &quot;org.global.BaseClass2.javascriptExecutor&quot; is null
	at org.global.BaseClass2.sendKeysByJS(BaseClass2.java:58)
	at executing.BookedLtineraryPageJunit.EnterValidLoginCrdentials(BookedLtineraryPageJunit.java:67)
	at java.base/java.util.ArrayList.forEach(ArrayList.java:1596)
... Removed 25 stack frames</div></td></tr></table><p class="totop"><a href="#summary">back to summary</a></p>
<h3 id="m25">executing.BookedLtineraryPageJunit#LoginAgainClick</h3><table class="result"><tr><th>Exception</th></tr><tr><td><div class="stacktrace">java.lang.NullPointerException: Cannot invoke &quot;org.openqa.selenium.JavascriptExecutor.executeScript(String, Object[])&quot; because &quot;org.global.BaseClass2.javascriptExecutor&quot; is null
	at org.global.BaseClass2.clickByJS(BaseClass2.java:79)
	at executing.BookedLtineraryPageJunit.LoginAgainClick(BookedLtineraryPageJunit.java:345)
	at java.base/java.util.ArrayList.forEach(ArrayList.java:1596)
... Removed 25 stack frames</div></td></tr></table><p class="totop"><a href="#summary">back to summary</a></p>
<h3 id="m26">executing.BookedLtineraryPageJunit#LoginPageValidation</h3><table class="result"><tr><th>Exception</th></tr><tr><td><div class="stacktrace">java.lang.NullPointerException: Cannot invoke &quot;org.openqa.selenium.SearchContext.findElement(org.openqa.selenium.By)&quot; because &quot;this.searchContext&quot; is null
	at org.openqa.selenium.support.pagefactory.DefaultElementLocator.findElement(DefaultElementLocator.java:68)
	at org.openqa.selenium.support.pagefactory.internal.LocatingElementHandler.invoke(LocatingElementHandler.java:38)
	at jdk.proxy2/jdk.proxy2.$Proxy13.isDisplayed(Unknown Source)
	at executing.BookedLtineraryPageJunit.LoginPageValidation(BookedLtineraryPageJunit.java:50)
	at java.base/java.util.ArrayList.forEach(ArrayList.java:1596)
... Removed 25 stack frames</div></td></tr></table><p class="totop"><a href="#summary">back to summary</a></p>
<h3 id="m27">executing.BookedLtineraryPageJunit#SearchHotelPageValidation</h3><table class="result"><tr><th>Exception</th></tr><tr><td><div class="stacktrace">java.lang.NullPointerException: Cannot invoke &quot;org.openqa.selenium.SearchContext.findElement(org.openqa.selenium.By)&quot; because &quot;this.searchContext&quot; is null
	at org.openqa.selenium.support.pagefactory.DefaultElementLocator.findElement(DefaultElementLocator.java:68)
	at org.openqa.selenium.support.pagefactory.internal.LocatingElementHandler.invoke(LocatingElementHandler.java:38)
	at jdk.proxy2/jdk.proxy2.$Proxy13.isDisplayed(Unknown Source)
	at executing.BookedLtineraryPageJunit.SearchHotelPageValidation(BookedLtineraryPageJunit.java:105)
	at java.base/java.util.ArrayList.forEach(ArrayList.java:1596)
... Removed 25 stack frames</div></td></tr></table><p class="totop"><a href="#summary">back to summary</a></p>
<h3 id="m28">executing.BookedLtineraryPageJunit#SearchHotelSearchButton</h3><table class="result"><tr><th>Exception</th></tr><tr><td><div class="stacktrace">java.lang.NullPointerException: Cannot invoke &quot;org.openqa.selenium.JavascriptExecutor.executeScript(String, Object[])&quot; because &quot;org.global.BaseClass2.javascriptExecutor&quot; is null
	at org.global.BaseClass2.clickByJS(BaseClass2.java:79)
	at executing.BookedLtineraryPageJunit.SearchHotelSearchButton(BookedLtineraryPageJunit.java:156)
	at java.base/java.util.ArrayList.forEach(ArrayList.java:1596)
... Removed 25 stack frames</div></td></tr></table><p class="totop"><a href="#summary">back to summary</a></p>
<h3 id="m29">executing.BookedLtineraryPageJunit#SearchHotelValueField</h3><table class="result"><tr><th>Exception</th></tr><tr><td><div class="stacktrace">java.lang.NullPointerException: Cannot invoke &quot;org.openqa.selenium.SearchContext.findElement(org.openqa.selenium.By)&quot; because &quot;this.searchContext&quot; is null
	at org.openqa.selenium.support.pagefactory.DefaultElementLocator.findElement(DefaultElementLocator.java:68)
	at org.openqa.selenium.support.pagefactory.internal.LocatingElementHandler.invoke(LocatingElementHandler.java:38)
	at jdk.proxy2/jdk.proxy2.$Proxy13.getTagName(Unknown Source)
	at org.openqa.selenium.support.ui.Select.&lt;init&gt;(Select.java:43)
	at org.global.BaseClass2.selectByIndex(BaseClass2.java:100)
	at executing.BookedLtineraryPageJunit.SearchHotelValueField(BookedLtineraryPageJunit.java:121)
	at java.base/java.util.ArrayList.forEach(ArrayList.java:1596)
... Removed 25 stack frames</div></td></tr></table><p class="totop"><a href="#summary">back to summary</a></p>
<h3 id="m30">executing.BookedLtineraryPageJunit#SelectHotel</h3><table class="result"><tr><th>Exception</th></tr><tr><td><div class="stacktrace">java.lang.IllegalArgumentException: Driver must be set
	at org.openqa.selenium.internal.Require.nonNull(Require.java:60)
	at org.openqa.selenium.interactions.Actions.&lt;init&gt;(Actions.java:59)
	at org.global.BaseClass2.clickByActions(BaseClass2.java:107)
	at executing.BookedLtineraryPageJunit.SelectHotel(BookedLtineraryPageJunit.java:183)
	at java.base/java.util.ArrayList.forEach(ArrayList.java:1596)
... Removed 25 stack frames</div></td></tr></table><p class="totop"><a href="#summary">back to summary</a></p>
<h3 id="m31">executing.BookedLtineraryPageJunit#SelectHotelValidation</h3><table class="result"><tr><th>Exception</th></tr><tr><td><div class="stacktrace">java.lang.NullPointerException: Cannot invoke &quot;org.openqa.selenium.SearchContext.findElement(org.openqa.selenium.By)&quot; because &quot;this.searchContext&quot; is null
	at org.openqa.selenium.support.pagefactory.DefaultElementLocator.findElement(DefaultElementLocator.java:68)
	at org.openqa.selenium.support.pagefactory.internal.LocatingElementHandler.invoke(LocatingElementHandler.java:38)
	at jdk.proxy2/jdk.proxy2.$Proxy13.isDisplayed(Unknown Source)
	at executing.BookedLtineraryPageJunit.SelectHotelValidation(BookedLtineraryPageJunit.java:168)
	at java.base/java.util.ArrayList.forEach(ArrayList.java:1596)
... Removed 25 stack frames</div></td></tr></table><p class="totop"><a href="#summary">back to summary</a></p>
<h3 id="m32">executing.BookedLtineraryPageJunit#SlectHotelContinueButton</h3><table class="result"><tr><th>Exception</th></tr><tr><td><div class="stacktrace">java.lang.NullPointerException: Cannot invoke &quot;org.openqa.selenium.JavascriptExecutor.executeScript(String, Object[])&quot; because &quot;org.global.BaseClass2.javascriptExecutor&quot; is null
	at org.global.BaseClass2.clickByJS(BaseClass2.java:79)
	at executing.BookedLtineraryPageJunit.SlectHotelContinueButton(BookedLtineraryPageJunit.java:194)
	at java.base/java.util.ArrayList.forEach(ArrayList.java:1596)
... Removed 25 stack frames</div></td></tr></table><p class="totop"><a href="#summary">back to summary</a></p>
<h3 id="m33">executing.BookingConfirmationPageJunit#BookHotelPageValidation</h3><table class="result"><tr><th>Exception</th></tr><tr><td><div class="stacktrace">java.lang.NullPointerException: Cannot invoke &quot;org.openqa.selenium.SearchContext.findElement(org.openqa.selenium.By)&quot; because &quot;this.searchContext&quot; is null
	at org.openqa.selenium.support.pagefactory.DefaultElementLocator.findElement(DefaultElementLocator.java:68)
	at org.openqa.selenium.support.pagefactory.internal.LocatingElementHandler.invoke(LocatingElementHandler.java:38)
	at jdk.proxy2/jdk.proxy2.$Proxy13.isDisplayed(Unknown Source)
	at executing.BookingConfirmationPageJunit.BookHotelPageValidation(BookingConfirmationPageJunit.java:208)
	at java.base/java.util.ArrayList.forEach(ArrayList.java:1596)
... Removed 25 stack frames</div></td></tr></table><p class="totop"><a href="#summary">back to summary</a></p>
<h3 id="m34">executing.BookingConfirmationPageJunit#BookHotelPageValueField</h3><table class="result"><tr><th>Exception</th></tr><tr><td><div class="stacktrace">java.lang.NullPointerException: Cannot invoke &quot;org.openqa.selenium.JavascriptExecutor.executeScript(String, Object[])&quot; because &quot;org.global.BaseClass2.javascriptExecutor&quot; is null
	at org.global.BaseClass2.sendKeysByJS(BaseClass2.java:58)
	at executing.BookingConfirmationPageJunit.BookHotelPageValueField(BookingConfirmationPageJunit.java:225)
	at java.base/java.util.ArrayList.forEach(ArrayList.java:1596)
... Removed 25 stack frames</div></td></tr></table><p class="totop"><a href="#summary">back to summary</a></p>
<h3 id="m35">executing.BookingConfirmationPageJunit#BookNowButton</h3><table class="result"><tr><th>Exception</th></tr><tr><td><div class="stacktrace">java.lang.NullPointerException: Cannot invoke &quot;org.openqa.selenium.JavascriptExecutor.executeScript(String, Object[])&quot; because &quot;org.global.BaseClass2.javascriptExecutor&quot; is null
	at org.global.BaseClass2.clickByJS(BaseClass2.java:79)
	at executing.BookingConfirmationPageJunit.BookNowButton(BookingConfirmationPageJunit.java:256)
	at java.base/java.util.ArrayList.forEach(ArrayList.java:1596)
... Removed 25 stack frames</div></td></tr></table><p class="totop"><a href="#summary">back to summary</a></p>
<h3 id="m36">executing.BookingConfirmationPageJunit#BookingConfirmationClick</h3><table class="result"><tr><th>Exception</th></tr><tr><td><div class="stacktrace">java.lang.NullPointerException: Cannot invoke &quot;org.openqa.selenium.JavascriptExecutor.executeScript(String, Object[])&quot; because &quot;org.global.BaseClass2.javascriptExecutor&quot; is null
	at org.global.BaseClass2.clickByJS(BaseClass2.java:79)
	at executing.BookingConfirmationPageJunit.BookingConfirmationClick(BookingConfirmationPageJunit.java:296)
	at java.base/java.util.ArrayList.forEach(ArrayList.java:1596)
... Removed 25 stack frames</div></td></tr></table><p class="totop"><a href="#summary">back to summary</a></p>
<h3 id="m37">executing.BookingConfirmationPageJunit#BookingConfirmationPage</h3><table class="result"><tr><th>Exception</th></tr><tr><td><div class="stacktrace">java.lang.NullPointerException: Cannot invoke &quot;org.openqa.selenium.SearchContext.findElement(org.openqa.selenium.By)&quot; because &quot;this.searchContext&quot; is null
	at org.openqa.selenium.support.pagefactory.DefaultElementLocator.findElement(DefaultElementLocator.java:68)
	at org.openqa.selenium.support.pagefactory.internal.LocatingElementHandler.invoke(LocatingElementHandler.java:38)
	at jdk.proxy2/jdk.proxy2.$Proxy13.isDisplayed(Unknown Source)
	at executing.BookingConfirmationPageJunit.BookingConfirmationPage(BookingConfirmationPageJunit.java:271)
	at java.base/java.util.ArrayList.forEach(ArrayList.java:1596)
... Removed 25 stack frames</div></td></tr></table><p class="totop"><a href="#summary">back to summary</a></p>
<h3 id="m38">executing.BookingConfirmationPageJunit#BookingConfirmationPageScroll</h3><table class="result"><tr><th>Exception</th></tr><tr><td><div class="stacktrace">java.lang.NullPointerException: Cannot invoke &quot;org.openqa.selenium.JavascriptExecutor.executeScript(String, Object[])&quot; because &quot;org.global.BaseClass2.javascriptExecutor&quot; is null
	at org.global.BaseClass2.scrollDownByJS(BaseClass2.java:114)
	at executing.BookingConfirmationPageJunit.BookingConfirmationPageScroll(BookingConfirmationPageJunit.java:286)
	at java.base/java.util.ArrayList.forEach(ArrayList.java:1596)
... Removed 25 stack frames</div></td></tr></table><p class="totop"><a href="#summary">back to summary</a></p>
<h3 id="m39">executing.BookingConfirmationPageJunit#BrowserLaunch</h3><table class="result"><tr><th>Exception</th></tr><tr><td><div class="stacktrace">org.openqa.selenium.SessionNotCreatedException: Could not start a new session. Response code 500. Message: session not created: This version of ChromeDriver only supports Chrome version 129
Current browser version is 131.0.6778.109 with binary path C:\Program Files\Google\Chrome\Application\chrome.exe 
Host info: host: &apos;ELAVARASANSJ&apos;, ip: &apos;192.168.1.20&apos;
Build info: version: &apos;4.10.0&apos;, revision: &apos;c14d967899&apos;
System info: os.name: &apos;Windows 11&apos;, os.arch: &apos;amd64&apos;, os.version: &apos;10.0&apos;, java.version: &apos;21.0.1&apos;
Driver info: org.openqa.selenium.chrome.ChromeDriver
Command: [null, newSession {capabilities=[Capabilities {browserName: chrome, goog:chromeOptions: {args: [--remote-allow-origins=*], extensions: []}}]}]
	at org.openqa.selenium.remote.ProtocolHandshake.createSession(ProtocolHandshake.java:140)
	at org.openqa.selenium.remote.ProtocolHandshake.createSession(ProtocolHandshake.java:96)
	at org.openqa.selenium.remote.ProtocolHandshake.createSession(ProtocolHandshake.java:68)
	at org.openqa.selenium.remote.HttpCommandExecutor.execute(HttpCommandExecutor.java:163)
	at org.openqa.selenium.remote.service.DriverCommandExecutor.invokeExecute(DriverCommandExecutor.java:196)
	at org.openqa.selenium.remote.service.DriverCommandExecutor.execute(DriverCommandExecutor.java:171)
	at org.openqa.selenium.remote.RemoteWebDriver.execute(RemoteWebDriver.java:531)
	at org.openqa.selenium.remote.RemoteWebDriver.startSession(RemoteWebDriver.java:227)
	at org.openqa.selenium.remote.RemoteWebDriver.&lt;init&gt;(RemoteWebDriver.java:154)
	at org.openqa.selenium.chromium.ChromiumDriver.&lt;init&gt;(ChromiumDriver.java:107)
	at org.openqa.selenium.chrome.ChromeDriver.&lt;init&gt;(ChromeDriver.java:87)
	at org.openqa.selenium.chrome.ChromeDriver.&lt;init&gt;(ChromeDriver.java:82)
	at org.openqa.selenium.chrome.ChromeDriver.&lt;init&gt;(ChromeDriver.java:50)
	at org.global.BaseClass2.getDriver(BaseClass2.java:43)
	at executing.BookingConfirmationPageJunit.BrowserLaunch(BookingConfirmationPageJunit.java:36)
	at java.base/java.util.ArrayList.forEach(ArrayList.java:1596)
... Removed 25 stack frames</div></td></tr></table><p class="totop"><a href="#summary">back to summary</a></p>
<h3 id="m40">executing.BookingConfirmationPageJunit#ClickLoginButton</h3><table class="result"><tr><th>Exception</th></tr><tr><td><div class="stacktrace">java.lang.NullPointerException: Cannot invoke &quot;org.openqa.selenium.SearchContext.findElement(org.openqa.selenium.By)&quot; because &quot;this.searchContext&quot; is null
	at org.openqa.selenium.support.pagefactory.DefaultElementLocator.findElement(DefaultElementLocator.java:68)
	at org.openqa.selenium.support.pagefactory.internal.LocatingElementHandler.invoke(LocatingElementHandler.java:38)
	at jdk.proxy2/jdk.proxy2.$Proxy13.isDisplayed(Unknown Source)
	at executing.BookingConfirmationPageJunit.ClickLoginButton(BookingConfirmationPageJunit.java:85)
	at java.base/java.util.ArrayList.forEach(ArrayList.java:1596)
... Removed 25 stack frames</div></td></tr></table><p class="totop"><a href="#summary">back to summary</a></p>
<h3 id="m41">executing.BookingConfirmationPageJunit#EnterValidLoginCrdentials</h3><table class="result"><tr><th>Exception</th></tr><tr><td><div class="stacktrace">java.lang.NullPointerException: Cannot invoke &quot;org.openqa.selenium.JavascriptExecutor.executeScript(String, Object[])&quot; because &quot;org.global.BaseClass2.javascriptExecutor&quot; is null
	at org.global.BaseClass2.sendKeysByJS(BaseClass2.java:58)
	at executing.BookingConfirmationPageJunit.EnterValidLoginCrdentials(BookingConfirmationPageJunit.java:67)
	at java.base/java.util.ArrayList.forEach(ArrayList.java:1596)
... Removed 25 stack frames</div></td></tr></table><p class="totop"><a href="#summary">back to summary</a></p>
<h3 id="m42">executing.BookingConfirmationPageJunit#LoginPageValidation</h3><table class="result"><tr><th>Exception</th></tr><tr><td><div class="stacktrace">java.lang.NullPointerException: Cannot invoke &quot;org.openqa.selenium.SearchContext.findElement(org.openqa.selenium.By)&quot; because &quot;this.searchContext&quot; is null
	at org.openqa.selenium.support.pagefactory.DefaultElementLocator.findElement(DefaultElementLocator.java:68)
	at org.openqa.selenium.support.pagefactory.internal.LocatingElementHandler.invoke(LocatingElementHandler.java:38)
	at jdk.proxy2/jdk.proxy2.$Proxy13.isDisplayed(Unknown Source)
	at executing.BookingConfirmationPageJunit.LoginPageValidation(BookingConfirmationPageJunit.java:50)
	at java.base/java.util.ArrayList.forEach(ArrayList.java:1596)
... Removed 25 stack frames</div></td></tr></table><p class="totop"><a href="#summary">back to summary</a></p>
<h3 id="m43">executing.BookingConfirmationPageJunit#SearchHotelPageValidation</h3><table class="result"><tr><th>Exception</th></tr><tr><td><div class="stacktrace">java.lang.NullPointerException: Cannot invoke &quot;org.openqa.selenium.SearchContext.findElement(org.openqa.selenium.By)&quot; because &quot;this.searchContext&quot; is null
	at org.openqa.selenium.support.pagefactory.DefaultElementLocator.findElement(DefaultElementLocator.java:68)
	at org.openqa.selenium.support.pagefactory.internal.LocatingElementHandler.invoke(LocatingElementHandler.java:38)
	at jdk.proxy2/jdk.proxy2.$Proxy13.isDisplayed(Unknown Source)
	at executing.BookingConfirmationPageJunit.SearchHotelPageValidation(BookingConfirmationPageJunit.java:105)
	at java.base/java.util.ArrayList.forEach(ArrayList.java:1596)
... Removed 25 stack frames</div></td></tr></table><p class="totop"><a href="#summary">back to summary</a></p>
<h3 id="m44">executing.BookingConfirmationPageJunit#SearchHotelSearchButton</h3><table class="result"><tr><th>Exception</th></tr><tr><td><div class="stacktrace">java.lang.NullPointerException: Cannot invoke &quot;org.openqa.selenium.JavascriptExecutor.executeScript(String, Object[])&quot; because &quot;org.global.BaseClass2.javascriptExecutor&quot; is null
	at org.global.BaseClass2.clickByJS(BaseClass2.java:79)
	at executing.BookingConfirmationPageJunit.SearchHotelSearchButton(BookingConfirmationPageJunit.java:156)
	at java.base/java.util.ArrayList.forEach(ArrayList.java:1596)
... Removed 25 stack frames</div></td></tr></table><p class="totop"><a href="#summary">back to summary</a></p>
<h3 id="m45">executing.BookingConfirmationPageJunit#SearchHotelValueField</h3><table class="result"><tr><th>Exception</th></tr><tr><td><div class="stacktrace">java.lang.NullPointerException: Cannot invoke &quot;org.openqa.selenium.SearchContext.findElement(org.openqa.selenium.By)&quot; because &quot;this.searchContext&quot; is null
	at org.openqa.selenium.support.pagefactory.DefaultElementLocator.findElement(DefaultElementLocator.java:68)
	at org.openqa.selenium.support.pagefactory.internal.LocatingElementHandler.invoke(LocatingElementHandler.java:38)
	at jdk.proxy2/jdk.proxy2.$Proxy13.getTagName(Unknown Source)
	at org.openqa.selenium.support.ui.Select.&lt;init&gt;(Select.java:43)
	at org.global.BaseClass2.selectByIndex(BaseClass2.java:100)
	at executing.BookingConfirmationPageJunit.SearchHotelValueField(BookingConfirmationPageJunit.java:121)
	at java.base/java.util.ArrayList.forEach(ArrayList.java:1596)
... Removed 25 stack frames</div></td></tr></table><p class="totop"><a href="#summary">back to summary</a></p>
<h3 id="m46">executing.BookingConfirmationPageJunit#SelectHotel</h3><table class="result"><tr><th>Exception</th></tr><tr><td><div class="stacktrace">java.lang.IllegalArgumentException: Driver must be set
	at org.openqa.selenium.internal.Require.nonNull(Require.java:60)
	at org.openqa.selenium.interactions.Actions.&lt;init&gt;(Actions.java:59)
	at org.global.BaseClass2.clickByActions(BaseClass2.java:107)
	at executing.BookingConfirmationPageJunit.SelectHotel(BookingConfirmationPageJunit.java:184)
	at java.base/java.util.ArrayList.forEach(ArrayList.java:1596)
... Removed 25 stack frames</div></td></tr></table><p class="totop"><a href="#summary">back to summary</a></p>
<h3 id="m47">executing.BookingConfirmationPageJunit#SelectHotelValidation</h3><table class="result"><tr><th>Exception</th></tr><tr><td><div class="stacktrace">java.lang.NullPointerException: Cannot invoke &quot;org.openqa.selenium.SearchContext.findElement(org.openqa.selenium.By)&quot; because &quot;this.searchContext&quot; is null
	at org.openqa.selenium.support.pagefactory.DefaultElementLocator.findElement(DefaultElementLocator.java:68)
	at org.openqa.selenium.support.pagefactory.internal.LocatingElementHandler.invoke(LocatingElementHandler.java:38)
	at jdk.proxy2/jdk.proxy2.$Proxy13.isDisplayed(Unknown Source)
	at executing.BookingConfirmationPageJunit.SelectHotelValidation(BookingConfirmationPageJunit.java:168)
	at java.base/java.util.ArrayList.forEach(ArrayList.java:1596)
... Removed 25 stack frames</div></td></tr></table><p class="totop"><a href="#summary">back to summary</a></p>
<h3 id="m48">executing.BookingConfirmationPageJunit#SlectHotelContinueButton</h3><table class="result"><tr><th>Exception</th></tr><tr><td><div class="stacktrace">java.lang.NullPointerException: Cannot invoke &quot;org.openqa.selenium.JavascriptExecutor.executeScript(String, Object[])&quot; because &quot;org.global.BaseClass2.javascriptExecutor&quot; is null
	at org.global.BaseClass2.clickByJS(BaseClass2.java:79)
	at executing.BookingConfirmationPageJunit.SlectHotelContinueButton(BookingConfirmationPageJunit.java:195)
	at java.base/java.util.ArrayList.forEach(ArrayList.java:1596)
... Removed 25 stack frames</div></td></tr></table><p class="totop"><a href="#summary">back to summary</a></p>
<h3 id="m49">executing.SearchHotelJunit#BrowserLaunch</h3><table class="result"><tr><th>Exception</th></tr><tr><td><div class="stacktrace">org.openqa.selenium.SessionNotCreatedException: Could not start a new session. Response code 500. Message: session not created: This version of ChromeDriver only supports Chrome version 129
Current browser version is 131.0.6778.109 with binary path C:\Program Files\Google\Chrome\Application\chrome.exe 
Host info: host: &apos;ELAVARASANSJ&apos;, ip: &apos;192.168.1.20&apos;
Build info: version: &apos;4.10.0&apos;, revision: &apos;c14d967899&apos;
System info: os.name: &apos;Windows 11&apos;, os.arch: &apos;amd64&apos;, os.version: &apos;10.0&apos;, java.version: &apos;21.0.1&apos;
Driver info: org.openqa.selenium.chrome.ChromeDriver
Command: [null, newSession {capabilities=[Capabilities {browserName: chrome, goog:chromeOptions: {args: [--remote-allow-origins=*], extensions: []}}]}]
	at org.openqa.selenium.remote.ProtocolHandshake.createSession(ProtocolHandshake.java:140)
	at org.openqa.selenium.remote.ProtocolHandshake.createSession(ProtocolHandshake.java:96)
	at org.openqa.selenium.remote.ProtocolHandshake.createSession(ProtocolHandshake.java:68)
	at org.openqa.selenium.remote.HttpCommandExecutor.execute(HttpCommandExecutor.java:163)
	at org.openqa.selenium.remote.service.DriverCommandExecutor.invokeExecute(DriverCommandExecutor.java:196)
	at org.openqa.selenium.remote.service.DriverCommandExecutor.execute(DriverCommandExecutor.java:171)
	at org.openqa.selenium.remote.RemoteWebDriver.execute(RemoteWebDriver.java:531)
	at org.openqa.selenium.remote.RemoteWebDriver.startSession(RemoteWebDriver.java:227)
	at org.openqa.selenium.remote.RemoteWebDriver.&lt;init&gt;(RemoteWebDriver.java:154)
	at org.openqa.selenium.chromium.ChromiumDriver.&lt;init&gt;(ChromiumDriver.java:107)
	at org.openqa.selenium.chrome.ChromeDriver.&lt;init&gt;(ChromeDriver.java:87)
	at org.openqa.selenium.chrome.ChromeDriver.&lt;init&gt;(ChromeDriver.java:82)
	at org.openqa.selenium.chrome.ChromeDriver.&lt;init&gt;(ChromeDriver.java:50)
	at org.global.BaseClass2.getDriver(BaseClass2.java:43)
	at executing.SearchHotelJunit.BrowserLaunch(SearchHotelJunit.java:36)
	at java.base/java.util.ArrayList.forEach(ArrayList.java:1596)
... Removed 25 stack frames</div></td></tr></table><p class="totop"><a href="#summary">back to summary</a></p>
<h3 id="m50">executing.SearchHotelJunit#ClickLoginButton</h3><table class="result"><tr><th>Exception</th></tr><tr><td><div class="stacktrace">java.lang.NullPointerException: Cannot invoke &quot;org.openqa.selenium.SearchContext.findElement(org.openqa.selenium.By)&quot; because &quot;this.searchContext&quot; is null
	at org.openqa.selenium.support.pagefactory.DefaultElementLocator.findElement(DefaultElementLocator.java:68)
	at org.openqa.selenium.support.pagefactory.internal.LocatingElementHandler.invoke(LocatingElementHandler.java:38)
	at jdk.proxy2/jdk.proxy2.$Proxy13.isDisplayed(Unknown Source)
	at executing.SearchHotelJunit.ClickLoginButton(SearchHotelJunit.java:85)
	at java.base/java.util.ArrayList.forEach(ArrayList.java:1596)
... Removed 25 stack frames</div></td></tr></table><p class="totop"><a href="#summary">back to summary</a></p>
<h3 id="m51">executing.SearchHotelJunit#EnterValidLoginCrdentials</h3><table class="result"><tr><th>Exception</th></tr><tr><td><div class="stacktrace">java.lang.NullPointerException: Cannot invoke &quot;org.openqa.selenium.JavascriptExecutor.executeScript(String, Object[])&quot; because &quot;org.global.BaseClass2.javascriptExecutor&quot; is null
	at org.global.BaseClass2.sendKeysByJS(BaseClass2.java:58)
	at executing.SearchHotelJunit.EnterValidLoginCrdentials(SearchHotelJunit.java:67)
	at java.base/java.util.ArrayList.forEach(ArrayList.java:1596)
... Removed 25 stack frames</div></td></tr></table><p class="totop"><a href="#summary">back to summary</a></p>
<h3 id="m52">executing.SearchHotelJunit#LoginPageValidation</h3><table class="result"><tr><th>Exception</th></tr><tr><td><div class="stacktrace">java.lang.NullPointerException: Cannot invoke &quot;org.openqa.selenium.SearchContext.findElement(org.openqa.selenium.By)&quot; because &quot;this.searchContext&quot; is null
	at org.openqa.selenium.support.pagefactory.DefaultElementLocator.findElement(DefaultElementLocator.java:68)
	at org.openqa.selenium.support.pagefactory.internal.LocatingElementHandler.invoke(LocatingElementHandler.java:38)
	at jdk.proxy2/jdk.proxy2.$Proxy13.isDisplayed(Unknown Source)
	at executing.SearchHotelJunit.LoginPageValidation(SearchHotelJunit.java:50)
	at java.base/java.util.ArrayList.forEach(ArrayList.java:1596)
... Removed 25 stack frames</div></td></tr></table><p class="totop"><a href="#summary">back to summary</a></p>
<h3 id="m53">executing.SearchHotelJunit#SearchHotelPageValidation</h3><table class="result"><tr><th>Exception</th></tr><tr><td><div class="stacktrace">java.lang.NullPointerException: Cannot invoke &quot;org.openqa.selenium.SearchContext.findElement(org.openqa.selenium.By)&quot; because &quot;this.searchContext&quot; is null
	at org.openqa.selenium.support.pagefactory.DefaultElementLocator.findElement(DefaultElementLocator.java:68)
	at org.openqa.selenium.support.pagefactory.internal.LocatingElementHandler.invoke(LocatingElementHandler.java:38)
	at jdk.proxy2/jdk.proxy2.$Proxy13.isDisplayed(Unknown Source)
	at executing.SearchHotelJunit.SearchHotelPageValidation(SearchHotelJunit.java:105)
	at java.base/java.util.ArrayList.forEach(ArrayList.java:1596)
... Removed 25 stack frames</div></td></tr></table><p class="totop"><a href="#summary">back to summary</a></p>
<h3 id="m54">executing.SearchHotelJunit#SearchHotelSearchButton</h3><table class="result"><tr><th>Exception</th></tr><tr><td><div class="stacktrace">java.lang.NullPointerException: Cannot invoke &quot;org.openqa.selenium.JavascriptExecutor.executeScript(String, Object[])&quot; because &quot;org.global.BaseClass2.javascriptExecutor&quot; is null
	at org.global.BaseClass2.clickByJS(BaseClass2.java:79)
	at executing.SearchHotelJunit.SearchHotelSearchButton(SearchHotelJunit.java:156)
	at java.base/java.util.ArrayList.forEach(ArrayList.java:1596)
... Removed 25 stack frames</div></td></tr></table><p class="totop"><a href="#summary">back to summary</a></p>
<h3 id="m55">executing.SearchHotelJunit#SearchHotelValueField</h3><table class="result"><tr><th>Exception</th></tr><tr><td><div class="stacktrace">java.lang.NullPointerException: Cannot invoke &quot;org.openqa.selenium.SearchContext.findElement(org.openqa.selenium.By)&quot; because &quot;this.searchContext&quot; is null
	at org.openqa.selenium.support.pagefactory.DefaultElementLocator.findElement(DefaultElementLocator.java:68)
	at org.openqa.selenium.support.pagefactory.internal.LocatingElementHandler.invoke(LocatingElementHandler.java:38)
	at jdk.proxy2/jdk.proxy2.$Proxy13.getTagName(Unknown Source)
	at org.openqa.selenium.support.ui.Select.&lt;init&gt;(Select.java:43)
	at org.global.BaseClass2.selectByIndex(BaseClass2.java:100)
	at executing.SearchHotelJunit.SearchHotelValueField(SearchHotelJunit.java:121)
	at java.base/java.util.ArrayList.forEach(ArrayList.java:1596)
... Removed 25 stack frames</div></td></tr></table><p class="totop"><a href="#summary">back to summary</a></p>
<h3 id="m56">executing.SelectHotelJunit#BrowserLaunch</h3><table class="result"><tr><th>Exception</th></tr><tr><td><div class="stacktrace">org.openqa.selenium.SessionNotCreatedException: Could not start a new session. Response code 500. Message: session not created: This version of ChromeDriver only supports Chrome version 129
Current browser version is 131.0.6778.109 with binary path C:\Program Files\Google\Chrome\Application\chrome.exe 
Host info: host: &apos;ELAVARASANSJ&apos;, ip: &apos;192.168.1.20&apos;
Build info: version: &apos;4.10.0&apos;, revision: &apos;c14d967899&apos;
System info: os.name: &apos;Windows 11&apos;, os.arch: &apos;amd64&apos;, os.version: &apos;10.0&apos;, java.version: &apos;21.0.1&apos;
Driver info: org.openqa.selenium.chrome.ChromeDriver
Command: [null, newSession {capabilities=[Capabilities {browserName: chrome, goog:chromeOptions: {args: [--remote-allow-origins=*], extensions: []}}]}]
	at org.openqa.selenium.remote.ProtocolHandshake.createSession(ProtocolHandshake.java:140)
	at org.openqa.selenium.remote.ProtocolHandshake.createSession(ProtocolHandshake.java:96)
	at org.openqa.selenium.remote.ProtocolHandshake.createSession(ProtocolHandshake.java:68)
	at org.openqa.selenium.remote.HttpCommandExecutor.execute(HttpCommandExecutor.java:163)
	at org.openqa.selenium.remote.service.DriverCommandExecutor.invokeExecute(DriverCommandExecutor.java:196)
	at org.openqa.selenium.remote.service.DriverCommandExecutor.execute(DriverCommandExecutor.java:171)
	at org.openqa.selenium.remote.RemoteWebDriver.execute(RemoteWebDriver.java:531)
	at org.openqa.selenium.remote.RemoteWebDriver.startSession(RemoteWebDriver.java:227)
	at org.openqa.selenium.remote.RemoteWebDriver.&lt;init&gt;(RemoteWebDriver.java:154)
	at org.openqa.selenium.chromium.ChromiumDriver.&lt;init&gt;(ChromiumDriver.java:107)
	at org.openqa.selenium.chrome.ChromeDriver.&lt;init&gt;(ChromeDriver.java:87)
	at org.openqa.selenium.chrome.ChromeDriver.&lt;init&gt;(ChromeDriver.java:82)
	at org.openqa.selenium.chrome.ChromeDriver.&lt;init&gt;(ChromeDriver.java:50)
	at org.global.BaseClass2.getDriver(BaseClass2.java:43)
	at executing.SelectHotelJunit.BrowserLaunch(SelectHotelJunit.java:35)
	at java.base/java.util.ArrayList.forEach(ArrayList.java:1596)
... Removed 25 stack frames</div></td></tr></table><p class="totop"><a href="#summary">back to summary</a></p>
<h3 id="m57">executing.SelectHotelJunit#ClickLoginButton</h3><table class="result"><tr><th>Exception</th></tr><tr><td><div class="stacktrace">java.lang.NullPointerException: Cannot invoke &quot;org.openqa.selenium.SearchContext.findElement(org.openqa.selenium.By)&quot; because &quot;this.searchContext&quot; is null
	at org.openqa.selenium.support.pagefactory.DefaultElementLocator.findElement(DefaultElementLocator.java:68)
	at org.openqa.selenium.support.pagefactory.internal.LocatingElementHandler.invoke(LocatingElementHandler.java:38)
	at jdk.proxy2/jdk.proxy2.$Proxy13.isDisplayed(Unknown Source)
	at executing.SelectHotelJunit.ClickLoginButton(SelectHotelJunit.java:83)
	at java.base/java.util.ArrayList.forEach(ArrayList.java:1596)
... Removed 25 stack frames</div></td></tr></table><p class="totop"><a href="#summary">back to summary</a></p>
<h3 id="m58">executing.SelectHotelJunit#EnterValidLoginCrdentials</h3><table class="result"><tr><th>Exception</th></tr><tr><td><div class="stacktrace">java.lang.NullPointerException: Cannot invoke &quot;org.openqa.selenium.JavascriptExecutor.executeScript(String, Object[])&quot; because &quot;org.global.BaseClass2.javascriptExecutor&quot; is null
	at org.global.BaseClass2.sendKeysByJS(BaseClass2.java:58)
	at executing.SelectHotelJunit.EnterValidLoginCrdentials(SelectHotelJunit.java:65)
	at java.base/java.util.ArrayList.forEach(ArrayList.java:1596)
... Removed 25 stack frames</div></td></tr></table><p class="totop"><a href="#summary">back to summary</a></p>
<h3 id="m59">executing.SelectHotelJunit#LoginPageValidation</h3><table class="result"><tr><th>Exception</th></tr><tr><td><div class="stacktrace">java.lang.NullPointerException: Cannot invoke &quot;org.openqa.selenium.SearchContext.findElement(org.openqa.selenium.By)&quot; because &quot;this.searchContext&quot; is null
	at org.openqa.selenium.support.pagefactory.DefaultElementLocator.findElement(DefaultElementLocator.java:68)
	at org.openqa.selenium.support.pagefactory.internal.LocatingElementHandler.invoke(LocatingElementHandler.java:38)
	at jdk.proxy2/jdk.proxy2.$Proxy13.isDisplayed(Unknown Source)
	at executing.SelectHotelJunit.LoginPageValidation(SelectHotelJunit.java:49)
	at java.base/java.util.ArrayList.forEach(ArrayList.java:1596)
... Removed 25 stack frames</div></td></tr></table><p class="totop"><a href="#summary">back to summary</a></p>
<h3 id="m60">executing.SelectHotelJunit#SearchHotelPageValidation</h3><table class="result"><tr><th>Exception</th></tr><tr><td><div class="stacktrace">java.lang.NullPointerException: Cannot invoke &quot;org.openqa.selenium.SearchContext.findElement(org.openqa.selenium.By)&quot; because &quot;this.searchContext&quot; is null
	at org.openqa.selenium.support.pagefactory.DefaultElementLocator.findElement(DefaultElementLocator.java:68)
	at org.openqa.selenium.support.pagefactory.internal.LocatingElementHandler.invoke(LocatingElementHandler.java:38)
	at jdk.proxy2/jdk.proxy2.$Proxy13.isDisplayed(Unknown Source)
	at executing.SelectHotelJunit.SearchHotelPageValidation(SelectHotelJunit.java:103)
	at java.base/java.util.ArrayList.forEach(ArrayList.java:1596)
... Removed 25 stack frames</div></td></tr></table><p class="totop"><a href="#summary">back to summary</a></p>
<h3 id="m61">executing.SelectHotelJunit#SearchHotelSearchButton</h3><table class="result"><tr><th>Exception</th></tr><tr><td><div class="stacktrace">java.lang.NullPointerException: Cannot invoke &quot;org.openqa.selenium.JavascriptExecutor.executeScript(String, Object[])&quot; because &quot;org.global.BaseClass2.javascriptExecutor&quot; is null
	at org.global.BaseClass2.clickByJS(BaseClass2.java:79)
	at executing.SelectHotelJunit.SearchHotelSearchButton(SelectHotelJunit.java:154)
	at java.base/java.util.ArrayList.forEach(ArrayList.java:1596)
... Removed 25 stack frames</div></td></tr></table><p class="totop"><a href="#summary">back to summary</a></p>
<h3 id="m62">executing.SelectHotelJunit#SearchHotelValueField</h3><table class="result"><tr><th>Exception</th></tr><tr><td><div class="stacktrace">java.lang.NullPointerException: Cannot invoke &quot;org.openqa.selenium.SearchContext.findElement(org.openqa.selenium.By)&quot; because &quot;this.searchContext&quot; is null
	at org.openqa.selenium.support.pagefactory.DefaultElementLocator.findElement(DefaultElementLocator.java:68)
	at org.openqa.selenium.support.pagefactory.internal.LocatingElementHandler.invoke(LocatingElementHandler.java:38)
	at jdk.proxy2/jdk.proxy2.$Proxy13.getTagName(Unknown Source)
	at org.openqa.selenium.support.ui.Select.&lt;init&gt;(Select.java:43)
	at org.global.BaseClass2.selectByIndex(BaseClass2.java:100)
	at executing.SelectHotelJunit.SearchHotelValueField(SelectHotelJunit.java:119)
	at java.base/java.util.ArrayList.forEach(ArrayList.java:1596)
... Removed 25 stack frames</div></td></tr></table><p class="totop"><a href="#summary">back to summary</a></p>
<h3 id="m63">executing.SelectHotelJunit#SelectHotel</h3><table class="result"><tr><th>Exception</th></tr><tr><td><div class="stacktrace">java.lang.IllegalArgumentException: Driver must be set
	at org.openqa.selenium.internal.Require.nonNull(Require.java:60)
	at org.openqa.selenium.interactions.Actions.&lt;init&gt;(Actions.java:59)
	at org.global.BaseClass2.clickByActions(BaseClass2.java:107)
	at executing.SelectHotelJunit.SelectHotel(SelectHotelJunit.java:181)
	at java.base/java.util.ArrayList.forEach(ArrayList.java:1596)
... Removed 25 stack frames</div></td></tr></table><p class="totop"><a href="#summary">back to summary</a></p>
<h3 id="m64">executing.SelectHotelJunit#SelectHotelValidation</h3><table class="result"><tr><th>Exception</th></tr><tr><td><div class="stacktrace">java.lang.NullPointerException: Cannot invoke &quot;org.openqa.selenium.SearchContext.findElement(org.openqa.selenium.By)&quot; because &quot;this.searchContext&quot; is null
	at org.openqa.selenium.support.pagefactory.DefaultElementLocator.findElement(DefaultElementLocator.java:68)
	at org.openqa.selenium.support.pagefactory.internal.LocatingElementHandler.invoke(LocatingElementHandler.java:38)
	at jdk.proxy2/jdk.proxy2.$Proxy13.isDisplayed(Unknown Source)
	at executing.SelectHotelJunit.SelectHotelValidation(SelectHotelJunit.java:166)
	at java.base/java.util.ArrayList.forEach(ArrayList.java:1596)
... Removed 25 stack frames</div></td></tr></table><p class="totop"><a href="#summary">back to summary</a></p>
<h3 id="m65">executing.SelectHotelJunit#SlectHotelContinueButton</h3><table class="result"><tr><th>Exception</th></tr><tr><td><div class="stacktrace">java.lang.NullPointerException: Cannot invoke &quot;org.openqa.selenium.JavascriptExecutor.executeScript(String, Object[])&quot; because &quot;org.global.BaseClass2.javascriptExecutor&quot; is null
	at org.global.BaseClass2.clickByJS(BaseClass2.java:79)
	at executing.SelectHotelJunit.SlectHotelContinueButton(SelectHotelJunit.java:192)
	at java.base/java.util.ArrayList.forEach(ArrayList.java:1596)
... Removed 25 stack frames</div></td></tr></table><p class="totop"><a href="#summary">back to summary</a></p>
</body>
</html>
